<?xml version="1.0" encoding="UTF-8"?>
<coverage generated="1764271054222" clover="3.2.0">
  <project timestamp="1764271054222" name="All files">
    <metrics statements="77" coveredstatements="73" conditionals="40" coveredconditionals="35" methods="17" coveredmethods="17" elements="134" coveredelements="125" complexity="0" loc="77" ncloc="77" packages="2" files="6" classes="6"/>
    <package name="src">
      <metrics statements="27" coveredstatements="26" conditionals="14" coveredconditionals="13" methods="6" coveredmethods="6"/>
      <file name="diffBuilder.js" path="E:\MySource\hexlet\qa-auto-engineer-javascript-project-87\src\diffBuilder.js">
        <metrics statements="14" coveredstatements="14" conditionals="10" coveredconditionals="10" methods="2" coveredmethods="2"/>
        <line num="3" count="2" type="stmt"/>
        <line num="4" count="24" type="stmt"/>
        <line num="5" count="24" type="stmt"/>
        <line num="6" count="24" type="stmt"/>
        <line num="8" count="24" type="stmt"/>
        <line num="9" count="114" type="cond" truecount="2" falsecount="0"/>
        <line num="10" count="30" type="stmt"/>
        <line num="12" count="84" type="cond" truecount="2" falsecount="0"/>
        <line num="13" count="30" type="stmt"/>
        <line num="15" count="54" type="cond" truecount="4" falsecount="0"/>
        <line num="16" count="12" type="stmt"/>
        <line num="18" count="42" type="cond" truecount="2" falsecount="0"/>
        <line num="19" count="24" type="stmt"/>
        <line num="26" count="18" type="stmt"/>
      </file>
      <file name="index.js" path="E:\MySource\hexlet\qa-auto-engineer-javascript-project-87\src\index.js">
        <metrics statements="9" coveredstatements="9" conditionals="0" coveredconditionals="0" methods="3" coveredmethods="3"/>
        <line num="7" count="24" type="stmt"/>
        <line num="8" count="24" type="stmt"/>
        <line num="10" count="2" type="stmt"/>
        <line num="11" count="12" type="stmt"/>
        <line num="12" count="12" type="stmt"/>
        <line num="14" count="12" type="stmt"/>
        <line num="15" count="12" type="stmt"/>
        <line num="17" count="12" type="stmt"/>
        <line num="19" count="12" type="stmt"/>
      </file>
      <file name="parsers.js" path="E:\MySource\hexlet\qa-auto-engineer-javascript-project-87\src\parsers.js">
        <metrics statements="4" coveredstatements="3" conditionals="4" coveredconditionals="3" methods="1" coveredmethods="1"/>
        <line num="4" count="24" type="cond" truecount="3" falsecount="1"/>
        <line num="6" count="12" type="stmt"/>
        <line num="9" count="12" type="stmt"/>
        <line num="11" count="0" type="stmt"/>
      </file>
    </package>
    <package name="src.formatters">
      <metrics statements="50" coveredstatements="47" conditionals="26" coveredconditionals="22" methods="11" coveredmethods="11"/>
      <file name="index.js" path="E:\MySource\hexlet\qa-auto-engineer-javascript-project-87\src\formatters\index.js">
        <metrics statements="5" coveredstatements="4" conditionals="3" coveredconditionals="1" methods="1" coveredmethods="1"/>
        <line num="4" count="2" type="stmt"/>
        <line num="10" count="12" type="stmt"/>
        <line num="11" count="12" type="cond" truecount="1" falsecount="1"/>
        <line num="12" count="0" type="stmt"/>
        <line num="14" count="12" type="stmt"/>
      </file>
      <file name="plain.js" path="E:\MySource\hexlet\qa-auto-engineer-javascript-project-87\src\formatters\plain.js">
        <metrics statements="19" coveredstatements="18" conditionals="13" coveredconditionals="12" methods="5" coveredmethods="5"/>
        <line num="1" count="2" type="stmt"/>
        <line num="2" count="52" type="cond" truecount="4" falsecount="0"/>
        <line num="3" count="12" type="stmt"/>
        <line num="5" count="40" type="cond" truecount="2" falsecount="0"/>
        <line num="6" count="16" type="stmt"/>
        <line num="8" count="24" type="stmt"/>
        <line num="11" count="2" type="stmt"/>
        <line num="12" count="8" type="stmt"/>
        <line num="13" count="16" type="stmt"/>
        <line num="14" count="76" type="stmt"/>
        <line num="16" count="64" type="cond" truecount="2" falsecount="0"/>
        <line num="17" count="64" type="cond" truecount="4" falsecount="1"/>
        <line num="19" count="20" type="stmt"/>
        <line num="21" count="20" type="stmt"/>
        <line num="23" count="16" type="stmt"/>
        <line num="25" count="8" type="stmt"/>
        <line num="27" count="0" type="stmt"/>
        <line num="31" count="16" type="stmt"/>
        <line num="34" count="8" type="stmt"/>
      </file>
      <file name="stylish.js" path="E:\MySource\hexlet\qa-auto-engineer-javascript-project-87\src\formatters\stylish.js">
        <metrics statements="26" coveredstatements="25" conditionals="10" coveredconditionals="9" methods="5" coveredmethods="5"/>
        <line num="1" count="2" type="stmt"/>
        <line num="2" count="138" type="cond" truecount="4" falsecount="0"/>
        <line num="3" count="120" type="stmt"/>
        <line num="6" count="18" type="stmt"/>
        <line num="7" count="18" type="stmt"/>
        <line num="9" count="18" type="stmt"/>
        <line num="10" count="24" type="stmt"/>
        <line num="13" count="18" type="stmt"/>
        <line num="16" count="2" type="stmt"/>
        <line num="17" count="4" type="stmt"/>
        <line num="18" count="8" type="stmt"/>
        <line num="19" count="8" type="stmt"/>
        <line num="20" count="8" type="stmt"/>
        <line num="22" count="8" type="stmt"/>
        <line num="23" count="38" type="stmt"/>
        <line num="24" count="38" type="stmt"/>
        <line num="25" count="38" type="stmt"/>
        <line num="27" count="38" type="cond" truecount="5" falsecount="1"/>
        <line num="29" count="10" type="stmt"/>
        <line num="31" count="10" type="stmt"/>
        <line num="33" count="8" type="stmt"/>
        <line num="35" count="6" type="stmt"/>
        <line num="37" count="4" type="stmt"/>
        <line num="39" count="0" type="stmt"/>
        <line num="42" count="8" type="stmt"/>
        <line num="45" count="4" type="stmt"/>
      </file>
    </package>
  </project>
</coverage>
