{"E:\\MySource\\hexlet\\qa-auto-engineer-javascript-project-87\\src\\index.js": {"path":"E:\\MySource\\hexlet\\qa-auto-engineer-javascript-project-87\\src\\index.js","statementMap":{"0":{"start":{"line":5,"column":18},"end":{"line":9,"column":1}},"1":{"start":{"line":6,"column":19},"end":{"line":6,"column":56}},"2":{"start":{"line":7,"column":15},"end":{"line":7,"column":49}},"3":{"start":{"line":8,"column":2},"end":{"line":8,"column":25}},"4":{"start":{"line":11,"column":16},"end":{"line":33,"column":1}},"5":{"start":{"line":12,"column":16},"end":{"line":12,"column":36}},"6":{"start":{"line":13,"column":16},"end":{"line":13,"column":36}},"7":{"start":{"line":15,"column":16},"end":{"line":15,"column":34}},"8":{"start":{"line":16,"column":16},"end":{"line":16,"column":34}},"9":{"start":{"line":17,"column":21},"end":{"line":17,"column":52}},"10":{"start":{"line":19,"column":15},"end":{"line":30,"column":4}},"11":{"start":{"line":20,"column":4},"end":{"line":22,"column":5}},"12":{"start":{"line":21,"column":6},"end":{"line":21,"column":40}},"13":{"start":{"line":23,"column":4},"end":{"line":25,"column":5}},"14":{"start":{"line":24,"column":6},"end":{"line":24,"column":40}},"15":{"start":{"line":26,"column":4},"end":{"line":28,"column":5}},"16":{"start":{"line":27,"column":6},"end":{"line":27,"column":67}},"17":{"start":{"line":29,"column":4},"end":{"line":29,"column":38}},"18":{"start":{"line":32,"column":2},"end":{"line":32,"column":35}}},"fnMap":{"0":{"name":"(anonymous_0)","decl":{"start":{"line":5,"column":18},"end":{"line":5,"column":19}},"loc":{"start":{"line":5,"column":30},"end":{"line":9,"column":1}},"line":5},"1":{"name":"(anonymous_1)","decl":{"start":{"line":11,"column":16},"end":{"line":11,"column":17}},"loc":{"start":{"line":11,"column":42},"end":{"line":33,"column":1}},"line":11},"2":{"name":"(anonymous_2)","decl":{"start":{"line":19,"column":30},"end":{"line":19,"column":31}},"loc":{"start":{"line":19,"column":37},"end":{"line":30,"column":3}},"line":19}},"branchMap":{"0":{"loc":{"start":{"line":20,"column":4},"end":{"line":22,"column":5}},"type":"if","locations":[{"start":{"line":20,"column":4},"end":{"line":22,"column":5}},{"start":{},"end":{}}],"line":20},"1":{"loc":{"start":{"line":23,"column":4},"end":{"line":25,"column":5}},"type":"if","locations":[{"start":{"line":23,"column":4},"end":{"line":25,"column":5}},{"start":{},"end":{}}],"line":23},"2":{"loc":{"start":{"line":26,"column":4},"end":{"line":28,"column":5}},"type":"if","locations":[{"start":{"line":26,"column":4},"end":{"line":28,"column":5}},{"start":{},"end":{}}],"line":26}},"s":{"0":1,"1":2,"2":2,"3":2,"4":1,"5":1,"6":1,"7":1,"8":1,"9":1,"10":1,"11":5,"12":1,"13":4,"14":2,"15":2,"16":1,"17":1,"18":1},"f":{"0":2,"1":1,"2":5},"b":{"0":[1,4],"1":[2,2],"2":[1,1]},"inputSourceMap":null,"_coverageSchema":"1a1c01bbd47fc00a2c39e90264f33305004495a9","hash":"ca4ffe8dbf146e8783fa3d1b5de91e57534ee99e"}
}
