{"E:\\MySource\\hexlet\\qa-auto-engineer-javascript-project-87\\src\\diffBuilder.js": {"path":"E:\\MySource\\hexlet\\qa-auto-engineer-javascript-project-87\\src\\diffBuilder.js","statementMap":{"0":{"start":{"line":3,"column":18},"end":{"line":28,"column":1}},"1":{"start":{"line":4,"column":16},"end":{"line":4,"column":34}},"2":{"start":{"line":5,"column":16},"end":{"line":5,"column":34}},"3":{"start":{"line":6,"column":21},"end":{"line":6,"column":52}},"4":{"start":{"line":8,"column":2},"end":{"line":27,"column":4}},"5":{"start":{"line":9,"column":4},"end":{"line":11,"column":5}},"6":{"start":{"line":10,"column":6},"end":{"line":10,"column":54}},"7":{"start":{"line":12,"column":4},"end":{"line":14,"column":5}},"8":{"start":{"line":13,"column":6},"end":{"line":13,"column":56}},"9":{"start":{"line":15,"column":4},"end":{"line":17,"column":5}},"10":{"start":{"line":16,"column":6},"end":{"line":16,"column":81}},"11":{"start":{"line":18,"column":4},"end":{"line":25,"column":5}},"12":{"start":{"line":19,"column":6},"end":{"line":24,"column":7}},"13":{"start":{"line":26,"column":4},"end":{"line":26,"column":56}}},"fnMap":{"0":{"name":"(anonymous_0)","decl":{"start":{"line":3,"column":18},"end":{"line":3,"column":19}},"loc":{"start":{"line":3,"column":36},"end":{"line":28,"column":1}},"line":3},"1":{"name":"(anonymous_1)","decl":{"start":{"line":8,"column":24},"end":{"line":8,"column":25}},"loc":{"start":{"line":8,"column":31},"end":{"line":27,"column":3}},"line":8}},"branchMap":{"0":{"loc":{"start":{"line":9,"column":4},"end":{"line":11,"column":5}},"type":"if","locations":[{"start":{"line":9,"column":4},"end":{"line":11,"column":5}},{"start":{},"end":{}}],"line":9},"1":{"loc":{"start":{"line":12,"column":4},"end":{"line":14,"column":5}},"type":"if","locations":[{"start":{"line":12,"column":4},"end":{"line":14,"column":5}},{"start":{},"end":{}}],"line":12},"2":{"loc":{"start":{"line":15,"column":4},"end":{"line":17,"column":5}},"type":"if","locations":[{"start":{"line":15,"column":4},"end":{"line":17,"column":5}},{"start":{},"end":{}}],"line":15},"3":{"loc":{"start":{"line":15,"column":8},"end":{"line":15,"column":56}},"type":"binary-expr","locations":[{"start":{"line":15,"column":8},"end":{"line":15,"column":30}},{"start":{"line":15,"column":34},"end":{"line":15,"column":56}}],"line":15},"4":{"loc":{"start":{"line":18,"column":4},"end":{"line":25,"column":5}},"type":"if","locations":[{"start":{"line":18,"column":4},"end":{"line":25,"column":5}},{"start":{},"end":{}}],"line":18}},"s":{"0":2,"1":24,"2":24,"3":24,"4":24,"5":114,"6":30,"7":84,"8":30,"9":54,"10":12,"11":42,"12":24,"13":18},"f":{"0":24,"1":114},"b":{"0":[30,84],"1":[30,54],"2":[12,42],"3":[54,18],"4":[24,18]},"inputSourceMap":null,"_coverageSchema":"1a1c01bbd47fc00a2c39e90264f33305004495a9","hash":"b5a0825444b8c0e2bca26539f7a79a60d095e026"}
,"E:\\MySource\\hexlet\\qa-auto-engineer-javascript-project-87\\src\\index.js": {"path":"E:\\MySource\\hexlet\\qa-auto-engineer-javascript-project-87\\src\\index.js","statementMap":{"0":{"start":{"line":7,"column":20},"end":{"line":7,"column":69}},"1":{"start":{"line":7,"column":32},"end":{"line":7,"column":69}},"2":{"start":{"line":8,"column":18},"end":{"line":8,"column":61}},"3":{"start":{"line":8,"column":30},"end":{"line":8,"column":61}},"4":{"start":{"line":10,"column":16},"end":{"line":20,"column":1}},"5":{"start":{"line":11,"column":20},"end":{"line":11,"column":42}},"6":{"start":{"line":12,"column":20},"end":{"line":12,"column":42}},"7":{"start":{"line":14,"column":16},"end":{"line":14,"column":80}},"8":{"start":{"line":15,"column":16},"end":{"line":15,"column":80}},"9":{"start":{"line":17,"column":15},"end":{"line":17,"column":38}},"10":{"start":{"line":19,"column":2},"end":{"line":19,"column":33}}},"fnMap":{"0":{"name":"(anonymous_0)","decl":{"start":{"line":7,"column":20},"end":{"line":7,"column":21}},"loc":{"start":{"line":7,"column":32},"end":{"line":7,"column":69}},"line":7},"1":{"name":"(anonymous_1)","decl":{"start":{"line":8,"column":18},"end":{"line":8,"column":19}},"loc":{"start":{"line":8,"column":30},"end":{"line":8,"column":61}},"line":8},"2":{"name":"(anonymous_2)","decl":{"start":{"line":10,"column":16},"end":{"line":10,"column":17}},"loc":{"start":{"line":10,"column":54},"end":{"line":20,"column":1}},"line":10}},"branchMap":{},"s":{"0":2,"1":24,"2":2,"3":24,"4":2,"5":12,"6":12,"7":12,"8":12,"9":12,"10":12},"f":{"0":24,"1":24,"2":12},"b":{},"inputSourceMap":null,"_coverageSchema":"1a1c01bbd47fc00a2c39e90264f33305004495a9","hash":"a8d3833e35731d001ed4cb792fd82d3a2e5b70cd"}
,"E:\\MySource\\hexlet\\qa-auto-engineer-javascript-project-87\\src\\parsers.js": {"path":"E:\\MySource\\hexlet\\qa-auto-engineer-javascript-project-87\\src\\parsers.js","statementMap":{"0":{"start":{"line":4,"column":2},"end":{"line":12,"column":3}},"1":{"start":{"line":6,"column":6},"end":{"line":6,"column":29}},"2":{"start":{"line":9,"column":6},"end":{"line":9,"column":28}},"3":{"start":{"line":11,"column":6},"end":{"line":11,"column":50}}},"fnMap":{"0":{"name":"(anonymous_0)","decl":{"start":{"line":3,"column":15},"end":{"line":3,"column":16}},"loc":{"start":{"line":3,"column":33},"end":{"line":13,"column":1}},"line":3}},"branchMap":{"0":{"loc":{"start":{"line":4,"column":2},"end":{"line":12,"column":3}},"type":"switch","locations":[{"start":{"line":5,"column":4},"end":{"line":6,"column":29}},{"start":{"line":7,"column":4},"end":{"line":7,"column":15}},{"start":{"line":8,"column":4},"end":{"line":9,"column":28}},{"start":{"line":10,"column":4},"end":{"line":11,"column":50}}],"line":4}},"s":{"0":24,"1":12,"2":12,"3":0},"f":{"0":24},"b":{"0":[12,12,12,0]},"inputSourceMap":null,"_coverageSchema":"1a1c01bbd47fc00a2c39e90264f33305004495a9","hash":"140307666ae484c5fdce932b2c0f77efcdc400ce"}
,"E:\\MySource\\hexlet\\qa-auto-engineer-javascript-project-87\\src\\formatters\\index.js": {"path":"E:\\MySource\\hexlet\\qa-auto-engineer-javascript-project-87\\src\\formatters\\index.js","statementMap":{"0":{"start":{"line":4,"column":19},"end":{"line":7,"column":1}},"1":{"start":{"line":10,"column":17},"end":{"line":10,"column":39}},"2":{"start":{"line":11,"column":2},"end":{"line":13,"column":3}},"3":{"start":{"line":12,"column":4},"end":{"line":12,"column":52}},"4":{"start":{"line":14,"column":2},"end":{"line":14,"column":21}}},"fnMap":{"0":{"name":"(anonymous_0)","decl":{"start":{"line":9,"column":15},"end":{"line":9,"column":16}},"loc":{"start":{"line":9,"column":49},"end":{"line":15,"column":1}},"line":9}},"branchMap":{"0":{"loc":{"start":{"line":9,"column":22},"end":{"line":9,"column":44}},"type":"default-arg","locations":[{"start":{"line":9,"column":35},"end":{"line":9,"column":44}}],"line":9},"1":{"loc":{"start":{"line":11,"column":2},"end":{"line":13,"column":3}},"type":"if","locations":[{"start":{"line":11,"column":2},"end":{"line":13,"column":3}},{"start":{},"end":{}}],"line":11}},"s":{"0":2,"1":12,"2":12,"3":0,"4":12},"f":{"0":12},"b":{"0":[0],"1":[0,12]},"inputSourceMap":null,"_coverageSchema":"1a1c01bbd47fc00a2c39e90264f33305004495a9","hash":"90c2f58051814712fbd88dc9ac0b8271fb1f5ad9"}
,"E:\\MySource\\hexlet\\qa-auto-engineer-javascript-project-87\\src\\formatters\\plain.js": {"path":"E:\\MySource\\hexlet\\qa-auto-engineer-javascript-project-87\\src\\formatters\\plain.js","statementMap":{"0":{"start":{"line":1,"column":20},"end":{"line":9,"column":1}},"1":{"start":{"line":2,"column":2},"end":{"line":4,"column":3}},"2":{"start":{"line":3,"column":4},"end":{"line":3,"column":28}},"3":{"start":{"line":5,"column":2},"end":{"line":7,"column":3}},"4":{"start":{"line":6,"column":4},"end":{"line":6,"column":23}},"5":{"start":{"line":8,"column":2},"end":{"line":8,"column":22}},"6":{"start":{"line":11,"column":20},"end":{"line":35,"column":1}},"7":{"start":{"line":12,"column":15},"end":{"line":32,"column":3}},"8":{"start":{"line":13,"column":18},"end":{"line":29,"column":8}},"9":{"start":{"line":14,"column":22},"end":{"line":14,"column":47}},"10":{"start":{"line":16,"column":24},"end":{"line":16,"column":63}},"11":{"start":{"line":17,"column":8},"end":{"line":28,"column":9}},"12":{"start":{"line":19,"column":12},"end":{"line":19,"column":91}},"13":{"start":{"line":21,"column":12},"end":{"line":21,"column":54}},"14":{"start":{"line":23,"column":12},"end":{"line":23,"column":119}},"15":{"start":{"line":25,"column":12},"end":{"line":25,"column":47}},"16":{"start":{"line":27,"column":12},"end":{"line":27,"column":57}},"17":{"start":{"line":31,"column":4},"end":{"line":31,"column":27}},"18":{"start":{"line":34,"column":2},"end":{"line":34,"column":23}}},"fnMap":{"0":{"name":"(anonymous_0)","decl":{"start":{"line":1,"column":20},"end":{"line":1,"column":21}},"loc":{"start":{"line":1,"column":29},"end":{"line":9,"column":1}},"line":1},"1":{"name":"(anonymous_1)","decl":{"start":{"line":11,"column":20},"end":{"line":11,"column":21}},"loc":{"start":{"line":11,"column":28},"end":{"line":35,"column":1}},"line":11},"2":{"name":"(anonymous_2)","decl":{"start":{"line":12,"column":15},"end":{"line":12,"column":16}},"loc":{"start":{"line":12,"column":39},"end":{"line":32,"column":3}},"line":12},"3":{"name":"(anonymous_3)","decl":{"start":{"line":14,"column":14},"end":{"line":14,"column":15}},"loc":{"start":{"line":14,"column":22},"end":{"line":14,"column":47}},"line":14},"4":{"name":"(anonymous_4)","decl":{"start":{"line":15,"column":11},"end":{"line":15,"column":12}},"loc":{"start":{"line":15,"column":19},"end":{"line":29,"column":7}},"line":15}},"branchMap":{"0":{"loc":{"start":{"line":2,"column":2},"end":{"line":4,"column":3}},"type":"if","locations":[{"start":{"line":2,"column":2},"end":{"line":4,"column":3}},{"start":{},"end":{}}],"line":2},"1":{"loc":{"start":{"line":2,"column":6},"end":{"line":2,"column":49}},"type":"binary-expr","locations":[{"start":{"line":2,"column":6},"end":{"line":2,"column":31}},{"start":{"line":2,"column":35},"end":{"line":2,"column":49}}],"line":2},"2":{"loc":{"start":{"line":5,"column":2},"end":{"line":7,"column":3}},"type":"if","locations":[{"start":{"line":5,"column":2},"end":{"line":7,"column":3}},{"start":{},"end":{}}],"line":5},"3":{"loc":{"start":{"line":16,"column":24},"end":{"line":16,"column":63}},"type":"cond-expr","locations":[{"start":{"line":16,"column":31},"end":{"line":16,"column":52}},{"start":{"line":16,"column":55},"end":{"line":16,"column":63}}],"line":16},"4":{"loc":{"start":{"line":17,"column":8},"end":{"line":28,"column":9}},"type":"switch","locations":[{"start":{"line":18,"column":10},"end":{"line":19,"column":91}},{"start":{"line":20,"column":10},"end":{"line":21,"column":54}},{"start":{"line":22,"column":10},"end":{"line":23,"column":119}},{"start":{"line":24,"column":10},"end":{"line":25,"column":47}},{"start":{"line":26,"column":10},"end":{"line":27,"column":57}}],"line":17}},"s":{"0":2,"1":52,"2":12,"3":40,"4":16,"5":24,"6":2,"7":8,"8":16,"9":76,"10":64,"11":64,"12":20,"13":20,"14":16,"15":8,"16":0,"17":16,"18":8},"f":{"0":52,"1":8,"2":16,"3":76,"4":64},"b":{"0":[12,40],"1":[52,16],"2":[16,24],"3":[32,32],"4":[20,20,16,8,0]},"inputSourceMap":null,"_coverageSchema":"1a1c01bbd47fc00a2c39e90264f33305004495a9","hash":"7eafe8decbb718f9bd2bda1275a6df071fff44d2"}
,"E:\\MySource\\hexlet\\qa-auto-engineer-javascript-project-87\\src\\formatters\\stylish.js": {"path":"E:\\MySource\\hexlet\\qa-auto-engineer-javascript-project-87\\src\\formatters\\stylish.js","statementMap":{"0":{"start":{"line":1,"column":18},"end":{"line":14,"column":1}},"1":{"start":{"line":2,"column":2},"end":{"line":4,"column":3}},"2":{"start":{"line":3,"column":4},"end":{"line":3,"column":16}},"3":{"start":{"line":6,"column":24},"end":{"line":6,"column":44}},"4":{"start":{"line":7,"column":27},"end":{"line":7,"column":51}},"5":{"start":{"line":9,"column":16},"end":{"line":11,"column":4}},"6":{"start":{"line":10,"column":4},"end":{"line":10,"column":65}},"7":{"start":{"line":13,"column":2},"end":{"line":13,"column":55}},"8":{"start":{"line":16,"column":22},"end":{"line":46,"column":1}},"9":{"start":{"line":17,"column":15},"end":{"line":43,"column":3}},"10":{"start":{"line":18,"column":33},"end":{"line":18,"column":58}},"11":{"start":{"line":19,"column":36},"end":{"line":19,"column":57}},"12":{"start":{"line":20,"column":29},"end":{"line":20,"column":53}},"13":{"start":{"line":22,"column":18},"end":{"line":41,"column":6}},"14":{"start":{"line":23,"column":29},"end":{"line":23,"column":61}},"15":{"start":{"line":24,"column":30},"end":{"line":24,"column":63}},"16":{"start":{"line":25,"column":30},"end":{"line":25,"column":63}},"17":{"start":{"line":27,"column":6},"end":{"line":40,"column":7}},"18":{"start":{"line":29,"column":10},"end":{"line":29,"column":74}},"19":{"start":{"line":31,"column":10},"end":{"line":31,"column":74}},"20":{"start":{"line":33,"column":10},"end":{"line":33,"column":133}},"21":{"start":{"line":35,"column":10},"end":{"line":35,"column":75}},"22":{"start":{"line":37,"column":10},"end":{"line":37,"column":91}},"23":{"start":{"line":39,"column":10},"end":{"line":39,"column":60}},"24":{"start":{"line":42,"column":4},"end":{"line":42,"column":57}},"25":{"start":{"line":45,"column":2},"end":{"line":45,"column":22}}},"fnMap":{"0":{"name":"(anonymous_0)","decl":{"start":{"line":1,"column":18},"end":{"line":1,"column":19}},"loc":{"start":{"line":1,"column":36},"end":{"line":14,"column":1}},"line":1},"1":{"name":"(anonymous_1)","decl":{"start":{"line":9,"column":42},"end":{"line":9,"column":43}},"loc":{"start":{"line":9,"column":58},"end":{"line":11,"column":3}},"line":9},"2":{"name":"(anonymous_2)","decl":{"start":{"line":16,"column":22},"end":{"line":16,"column":23}},"loc":{"start":{"line":16,"column":30},"end":{"line":46,"column":1}},"line":16},"3":{"name":"(anonymous_3)","decl":{"start":{"line":17,"column":15},"end":{"line":17,"column":16}},"loc":{"start":{"line":17,"column":40},"end":{"line":43,"column":3}},"line":17},"4":{"name":"(anonymous_4)","decl":{"start":{"line":22,"column":35},"end":{"line":22,"column":36}},"loc":{"start":{"line":22,"column":43},"end":{"line":41,"column":5}},"line":22}},"branchMap":{"0":{"loc":{"start":{"line":2,"column":2},"end":{"line":4,"column":3}},"type":"if","locations":[{"start":{"line":2,"column":2},"end":{"line":4,"column":3}},{"start":{},"end":{}}],"line":2},"1":{"loc":{"start":{"line":2,"column":6},"end":{"line":2,"column":49}},"type":"binary-expr","locations":[{"start":{"line":2,"column":6},"end":{"line":2,"column":31}},{"start":{"line":2,"column":35},"end":{"line":2,"column":49}}],"line":2},"2":{"loc":{"start":{"line":27,"column":6},"end":{"line":40,"column":7}},"type":"switch","locations":[{"start":{"line":28,"column":8},"end":{"line":29,"column":74}},{"start":{"line":30,"column":8},"end":{"line":31,"column":74}},{"start":{"line":32,"column":8},"end":{"line":33,"column":133}},{"start":{"line":34,"column":8},"end":{"line":35,"column":75}},{"start":{"line":36,"column":8},"end":{"line":37,"column":91}},{"start":{"line":38,"column":8},"end":{"line":39,"column":60}}],"line":27}},"s":{"0":2,"1":138,"2":120,"3":18,"4":18,"5":18,"6":24,"7":18,"8":2,"9":4,"10":8,"11":8,"12":8,"13":8,"14":38,"15":38,"16":38,"17":38,"18":10,"19":10,"20":8,"21":6,"22":4,"23":0,"24":8,"25":4},"f":{"0":138,"1":24,"2":4,"3":8,"4":38},"b":{"0":[120,18],"1":[138,20],"2":[10,10,8,6,4,0]},"inputSourceMap":null,"_coverageSchema":"1a1c01bbd47fc00a2c39e90264f33305004495a9","hash":"01d4565d42d48e1d6cb047c0141099a8115ff67f"}
}
