TN:
SF:src\diffBuilder.js
FN:3,(anonymous_0)
FN:8,(anonymous_1)
FNF:2
FNH:2
FNDA:24,(anonymous_0)
FNDA:114,(anonymous_1)
DA:3,2
DA:4,24
DA:5,24
DA:6,24
DA:8,24
DA:9,114
DA:10,30
DA:12,84
DA:13,30
DA:15,54
DA:16,12
DA:18,42
DA:19,24
DA:26,18
LF:14
LH:14
BRDA:9,0,0,30
BRDA:9,0,1,84
BRDA:12,1,0,30
BRDA:12,1,1,54
BRDA:15,2,0,12
BRDA:15,2,1,42
BRDA:15,3,0,54
BRDA:15,3,1,18
BRDA:18,4,0,24
BRDA:18,4,1,18
BRF:10
BRH:10
end_of_record
TN:
SF:src\index.js
FN:7,(anonymous_0)
FN:8,(anonymous_1)
FN:10,(anonymous_2)
FNF:3
FNH:3
FNDA:24,(anonymous_0)
FNDA:24,(anonymous_1)
FNDA:12,(anonymous_2)
DA:7,24
DA:8,24
DA:10,2
DA:11,12
DA:12,12
DA:14,12
DA:15,12
DA:17,12
DA:19,12
LF:9
LH:9
BRF:0
BRH:0
end_of_record
TN:
SF:src\parsers.js
FN:3,(anonymous_0)
FNF:1
FNH:1
FNDA:24,(anonymous_0)
DA:4,24
DA:6,12
DA:9,12
DA:11,0
LF:4
LH:3
BRDA:4,0,0,12
BRDA:4,0,1,12
BRDA:4,0,2,12
BRDA:4,0,3,0
BRF:4
BRH:3
end_of_record
TN:
SF:src\formatters\index.js
FN:9,(anonymous_0)
FNF:1
FNH:1
FNDA:12,(anonymous_0)
DA:4,2
DA:10,12
DA:11,12
DA:12,0
DA:14,12
LF:5
LH:4
BRDA:9,0,0,0
BRDA:11,1,0,0
BRDA:11,1,1,12
BRF:3
BRH:1
end_of_record
TN:
SF:src\formatters\plain.js
FN:1,(anonymous_0)
FN:11,(anonymous_1)
FN:12,(anonymous_2)
FN:14,(anonymous_3)
FN:15,(anonymous_4)
FNF:5
FNH:5
FNDA:52,(anonymous_0)
FNDA:8,(anonymous_1)
FNDA:16,(anonymous_2)
FNDA:76,(anonymous_3)
FNDA:64,(anonymous_4)
DA:1,2
DA:2,52
DA:3,12
DA:5,40
DA:6,16
DA:8,24
DA:11,2
DA:12,8
DA:13,16
DA:14,76
DA:16,64
DA:17,64
DA:19,20
DA:21,20
DA:23,16
DA:25,8
DA:27,0
DA:31,16
DA:34,8
LF:19
LH:18
BRDA:2,0,0,12
BRDA:2,0,1,40
BRDA:2,1,0,52
BRDA:2,1,1,16
BRDA:5,2,0,16
BRDA:5,2,1,24
BRDA:16,3,0,32
BRDA:16,3,1,32
BRDA:17,4,0,20
BRDA:17,4,1,20
BRDA:17,4,2,16
BRDA:17,4,3,8
BRDA:17,4,4,0
BRF:13
BRH:12
end_of_record
TN:
SF:src\formatters\stylish.js
FN:1,(anonymous_0)
FN:9,(anonymous_1)
FN:16,(anonymous_2)
FN:17,(anonymous_3)
FN:22,(anonymous_4)
FNF:5
FNH:5
FNDA:138,(anonymous_0)
FNDA:24,(anonymous_1)
FNDA:4,(anonymous_2)
FNDA:8,(anonymous_3)
FNDA:38,(anonymous_4)
DA:1,2
DA:2,138
DA:3,120
DA:6,18
DA:7,18
DA:9,18
DA:10,24
DA:13,18
DA:16,2
DA:17,4
DA:18,8
DA:19,8
DA:20,8
DA:22,8
DA:23,38
DA:24,38
DA:25,38
DA:27,38
DA:29,10
DA:31,10
DA:33,8
DA:35,6
DA:37,4
DA:39,0
DA:42,8
DA:45,4
LF:26
LH:25
BRDA:2,0,0,120
BRDA:2,0,1,18
BRDA:2,1,0,138
BRDA:2,1,1,20
BRDA:27,2,0,10
BRDA:27,2,1,10
BRDA:27,2,2,8
BRDA:27,2,3,6
BRDA:27,2,4,4
BRDA:27,2,5,0
BRF:10
BRH:9
end_of_record
